INFO - 2023-09-24 01:15:37 --> Session: Class initialized using 'CodeIgniter\Session\Handlers\FileHandler' driver.
INFO - 2023-09-24 01:16:28 --> Session: Class initialized using 'CodeIgniter\Session\Handlers\FileHandler' driver.
INFO - 2023-09-24 01:16:36 --> Session: Class initialized using 'CodeIgniter\Session\Handlers\FileHandler' driver.
INFO - 2023-09-24 01:16:36 --> Session: Class initialized using 'CodeIgniter\Session\Handlers\FileHandler' driver.
INFO - 2023-09-24 01:16:39 --> Session: Class initialized using 'CodeIgniter\Session\Handlers\FileHandler' driver.
INFO - 2023-09-24 01:16:41 --> Session: Class initialized using 'CodeIgniter\Session\Handlers\FileHandler' driver.
INFO - 2023-09-24 01:19:06 --> Session: Class initialized using 'CodeIgniter\Session\Handlers\FileHandler' driver.
INFO - 2023-09-24 01:19:08 --> Session: Class initialized using 'CodeIgniter\Session\Handlers\FileHandler' driver.
INFO - 2023-09-24 01:19:15 --> Session: Class initialized using 'CodeIgniter\Session\Handlers\FileHandler' driver.
INFO - 2023-09-24 01:22:39 --> Session: Class initialized using 'CodeIgniter\Session\Handlers\FileHandler' driver.
INFO - 2023-09-24 01:22:41 --> Session: Class initialized using 'CodeIgniter\Session\Handlers\FileHandler' driver.
INFO - 2023-09-24 01:29:26 --> Session: Class initialized using 'CodeIgniter\Session\Handlers\FileHandler' driver.
INFO - 2023-09-24 01:29:29 --> Session: Class initialized using 'CodeIgniter\Session\Handlers\FileHandler' driver.
INFO - 2023-09-24 01:29:35 --> Session: Class initialized using 'CodeIgniter\Session\Handlers\FileHandler' driver.
INFO - 2023-09-24 01:30:31 --> Session: Class initialized using 'CodeIgniter\Session\Handlers\FileHandler' driver.
INFO - 2023-09-24 01:32:17 --> Session: Class initialized using 'CodeIgniter\Session\Handlers\FileHandler' driver.
INFO - 2023-09-24 01:32:19 --> Session: Class initialized using 'CodeIgniter\Session\Handlers\FileHandler' driver.
INFO - 2023-09-24 01:32:21 --> Session: Class initialized using 'CodeIgniter\Session\Handlers\FileHandler' driver.
INFO - 2023-09-24 01:32:26 --> Session: Class initialized using 'CodeIgniter\Session\Handlers\FileHandler' driver.
INFO - 2023-09-24 01:33:32 --> Session: Class initialized using 'CodeIgniter\Session\Handlers\FileHandler' driver.
INFO - 2023-09-24 01:33:34 --> Session: Class initialized using 'CodeIgniter\Session\Handlers\FileHandler' driver.
INFO - 2023-09-24 01:33:55 --> Session: Class initialized using 'CodeIgniter\Session\Handlers\FileHandler' driver.
INFO - 2023-09-24 01:34:01 --> Session: Class initialized using 'CodeIgniter\Session\Handlers\FileHandler' driver.
INFO - 2023-09-24 01:34:01 --> Session: Class initialized using 'CodeIgniter\Session\Handlers\FileHandler' driver.
INFO - 2023-09-24 01:34:11 --> Session: Class initialized using 'CodeIgniter\Session\Handlers\FileHandler' driver.
INFO - 2023-09-24 01:34:11 --> Session: Class initialized using 'CodeIgniter\Session\Handlers\FileHandler' driver.
INFO - 2023-09-24 01:34:18 --> Session: Class initialized using 'CodeIgniter\Session\Handlers\FileHandler' driver.
INFO - 2023-09-24 01:34:23 --> Session: Class initialized using 'CodeIgniter\Session\Handlers\FileHandler' driver.
INFO - 2023-09-24 01:35:03 --> Session: Class initialized using 'CodeIgniter\Session\Handlers\FileHandler' driver.
INFO - 2023-09-24 01:37:27 --> Session: Class initialized using 'CodeIgniter\Session\Handlers\FileHandler' driver.
INFO - 2023-09-24 01:37:29 --> Session: Class initialized using 'CodeIgniter\Session\Handlers\FileHandler' driver.
INFO - 2023-09-24 01:37:29 --> Session: Class initialized using 'CodeIgniter\Session\Handlers\FileHandler' driver.
INFO - 2023-09-24 01:37:34 --> Session: Class initialized using 'CodeIgniter\Session\Handlers\FileHandler' driver.
INFO - 2023-09-24 01:37:44 --> Session: Class initialized using 'CodeIgniter\Session\Handlers\FileHandler' driver.
INFO - 2023-09-24 01:37:47 --> Session: Class initialized using 'CodeIgniter\Session\Handlers\FileHandler' driver.
INFO - 2023-09-24 01:37:57 --> Session: Class initialized using 'CodeIgniter\Session\Handlers\FileHandler' driver.
INFO - 2023-09-24 01:38:06 --> Session: Class initialized using 'CodeIgniter\Session\Handlers\FileHandler' driver.
INFO - 2023-09-24 01:38:12 --> Session: Class initialized using 'CodeIgniter\Session\Handlers\FileHandler' driver.
INFO - 2023-09-24 01:38:16 --> Session: Class initialized using 'CodeIgniter\Session\Handlers\FileHandler' driver.
INFO - 2023-09-24 01:38:29 --> Session: Class initialized using 'CodeIgniter\Session\Handlers\FileHandler' driver.
INFO - 2023-09-24 01:38:37 --> Session: Class initialized using 'CodeIgniter\Session\Handlers\FileHandler' driver.
INFO - 2023-09-24 01:38:38 --> Session: Class initialized using 'CodeIgniter\Session\Handlers\FileHandler' driver.
INFO - 2023-09-24 01:39:27 --> Session: Class initialized using 'CodeIgniter\Session\Handlers\FileHandler' driver.
INFO - 2023-09-24 01:39:30 --> Session: Class initialized using 'CodeIgniter\Session\Handlers\FileHandler' driver.
INFO - 2023-09-24 01:39:35 --> Session: Class initialized using 'CodeIgniter\Session\Handlers\FileHandler' driver.
INFO - 2023-09-24 01:39:35 --> Session: Class initialized using 'CodeIgniter\Session\Handlers\FileHandler' driver.
INFO - 2023-09-24 01:39:39 --> Session: Class initialized using 'CodeIgniter\Session\Handlers\FileHandler' driver.
INFO - 2023-09-24 01:39:39 --> Session: Class initialized using 'CodeIgniter\Session\Handlers\FileHandler' driver.
INFO - 2023-09-24 01:39:42 --> Session: Class initialized using 'CodeIgniter\Session\Handlers\FileHandler' driver.
INFO - 2023-09-24 01:39:45 --> Session: Class initialized using 'CodeIgniter\Session\Handlers\FileHandler' driver.
INFO - 2023-09-24 01:39:51 --> Session: Class initialized using 'CodeIgniter\Session\Handlers\FileHandler' driver.
INFO - 2023-09-24 01:42:28 --> Session: Class initialized using 'CodeIgniter\Session\Handlers\FileHandler' driver.
INFO - 2023-09-24 01:42:36 --> Session: Class initialized using 'CodeIgniter\Session\Handlers\FileHandler' driver.
INFO - 2023-09-24 01:42:36 --> Session: Class initialized using 'CodeIgniter\Session\Handlers\FileHandler' driver.
INFO - 2023-09-24 01:42:42 --> Session: Class initialized using 'CodeIgniter\Session\Handlers\FileHandler' driver.
INFO - 2023-09-24 01:42:42 --> Session: Class initialized using 'CodeIgniter\Session\Handlers\FileHandler' driver.
INFO - 2023-09-24 01:43:27 --> Session: Class initialized using 'CodeIgniter\Session\Handlers\FileHandler' driver.
INFO - 2023-09-24 01:43:28 --> Session: Class initialized using 'CodeIgniter\Session\Handlers\FileHandler' driver.
INFO - 2023-09-24 01:43:29 --> Session: Class initialized using 'CodeIgniter\Session\Handlers\FileHandler' driver.
INFO - 2023-09-24 01:43:30 --> Session: Class initialized using 'CodeIgniter\Session\Handlers\FileHandler' driver.
INFO - 2023-09-24 01:43:31 --> Session: Class initialized using 'CodeIgniter\Session\Handlers\FileHandler' driver.
INFO - 2023-09-24 01:43:32 --> Session: Class initialized using 'CodeIgniter\Session\Handlers\FileHandler' driver.
INFO - 2023-09-24 01:43:32 --> Session: Class initialized using 'CodeIgniter\Session\Handlers\FileHandler' driver.
INFO - 2023-09-24 01:43:37 --> Session: Class initialized using 'CodeIgniter\Session\Handlers\FileHandler' driver.
INFO - 2023-09-24 01:43:40 --> Session: Class initialized using 'CodeIgniter\Session\Handlers\FileHandler' driver.
INFO - 2023-09-24 01:43:42 --> Session: Class initialized using 'CodeIgniter\Session\Handlers\FileHandler' driver.
INFO - 2023-09-24 01:43:45 --> Session: Class initialized using 'CodeIgniter\Session\Handlers\FileHandler' driver.
INFO - 2023-09-24 02:14:32 --> Session: Class initialized using 'CodeIgniter\Session\Handlers\FileHandler' driver.
INFO - 2023-09-24 02:14:41 --> Session: Class initialized using 'CodeIgniter\Session\Handlers\FileHandler' driver.
INFO - 2023-09-24 02:14:54 --> Session: Class initialized using 'CodeIgniter\Session\Handlers\FileHandler' driver.
INFO - 2023-09-24 02:14:56 --> Session: Class initialized using 'CodeIgniter\Session\Handlers\FileHandler' driver.
INFO - 2023-09-24 02:20:20 --> Session: Class initialized using 'CodeIgniter\Session\Handlers\FileHandler' driver.
INFO - 2023-09-24 02:41:07 --> Session: Class initialized using 'CodeIgniter\Session\Handlers\FileHandler' driver.
INFO - 2023-09-24 02:41:22 --> Session: Class initialized using 'CodeIgniter\Session\Handlers\FileHandler' driver.
INFO - 2023-09-24 02:41:22 --> Session: Class initialized using 'CodeIgniter\Session\Handlers\FileHandler' driver.
ERROR - 2023-09-24 02:44:50 --> mysqli_sql_exception: Unknown column 'fact_liv.client_id' in 'on clause' in /Users/mac/Desktop/polytrans/app/vendor/codeigniter4/framework/system/Database/MySQLi/Connection.php:295
Stack trace:
#0 /Users/mac/Desktop/polytrans/app/vendor/codeigniter4/framework/system/Database/MySQLi/Connection.php(295): mysqli->query('SELECT `fact_li...', 0)
#1 /Users/mac/Desktop/polytrans/app/vendor/codeigniter4/framework/system/Database/BaseConnection.php(692): CodeIgniter\Database\MySQLi\Connection->execute('SELECT `fact_li...')
#2 /Users/mac/Desktop/polytrans/app/vendor/codeigniter4/framework/system/Database/BaseConnection.php(606): CodeIgniter\Database\BaseConnection->simpleQuery('SELECT `fact_li...')
#3 /Users/mac/Desktop/polytrans/app/vendor/codeigniter4/framework/system/Database/BaseBuilder.php(1616): CodeIgniter\Database\BaseConnection->query('SELECT `fact_li...', Array, false)
#4 /Users/mac/Desktop/polytrans/app/vendor/codeigniter4/framework/system/Model.php(200): CodeIgniter\Database\BaseBuilder->get()
#5 /Users/mac/Desktop/polytrans/app/vendor/codeigniter4/framework/system/BaseModel.php(557): CodeIgniter\Model->doFind(true, '2')
#6 /Users/mac/Desktop/polytrans/app/app/Controllers/Pay.php(18): CodeIgniter\BaseModel->find('2')
#7 /Users/mac/Desktop/polytrans/app/vendor/codeigniter4/framework/system/CodeIgniter.php(934): App\Controllers\Pay->payDelivery('2')
#8 /Users/mac/Desktop/polytrans/app/vendor/codeigniter4/framework/system/CodeIgniter.php(499): CodeIgniter\CodeIgniter->runController(Object(App\Controllers\Pay))
#9 /Users/mac/Desktop/polytrans/app/vendor/codeigniter4/framework/system/CodeIgniter.php(368): CodeIgniter\CodeIgniter->handleRequest(NULL, Object(Config\Cache), false)
#10 /Users/mac/Desktop/polytrans/app/public/index.php(67): CodeIgniter\CodeIgniter->run()
#11 /Users/mac/Desktop/polytrans/app/vendor/codeigniter4/framework/system/Commands/Server/rewrite.php(47): require_once('/Users/mac/Desk...')
#12 {main}
CRITICAL - 2023-09-24 02:44:50 --> Unknown column 'fact_liv.client_id' in 'on clause'
in SYSTEMPATH/Database/MySQLi/Connection.php on line 295.
 1 SYSTEMPATH/Database/MySQLi/Connection.php(295): mysqli->query('SELECT `fact_liv`.*, `clients`.`nom` as `nom_client`
FROM `fact_liv`
JOIN `clients` ON `clients`.`id` = `fact_liv`.`client_id`
WHERE `fact_liv`.`id` = \'2\'', 0)
 2 SYSTEMPATH/Database/BaseConnection.php(692): CodeIgniter\Database\MySQLi\Connection->execute('SELECT `fact_liv`.*, `clients`.`nom` as `nom_client`
FROM `fact_liv`
JOIN `clients` ON `clients`.`id` = `fact_liv`.`client_id`
WHERE `fact_liv`.`id` = \'2\'')
 3 SYSTEMPATH/Database/BaseConnection.php(606): CodeIgniter\Database\BaseConnection->simpleQuery('SELECT `fact_liv`.*, `clients`.`nom` as `nom_client`
FROM `fact_liv`
JOIN `clients` ON `clients`.`id` = `fact_liv`.`client_id`
WHERE `fact_liv`.`id` = \'2\'')
 4 SYSTEMPATH/Database/BaseBuilder.php(1616): CodeIgniter\Database\BaseConnection->query('SELECT `fact_liv`.*, `clients`.`nom` as `nom_client`
FROM `fact_liv`
JOIN `clients` ON `clients`.`id` = `fact_liv`.`client_id`
WHERE `fact_liv`.`id` = :fact_liv.id:', [...], false)
 5 SYSTEMPATH/Model.php(200): CodeIgniter\Database\BaseBuilder->get()
 6 SYSTEMPATH/BaseModel.php(557): CodeIgniter\Model->doFind(true, '2')
 7 APPPATH/Controllers/Pay.php(18): CodeIgniter\BaseModel->find('2')
 8 SYSTEMPATH/CodeIgniter.php(934): App\Controllers\Pay->payDelivery('2')
 9 SYSTEMPATH/CodeIgniter.php(499): CodeIgniter\CodeIgniter->runController(Object(App\Controllers\Pay))
10 SYSTEMPATH/CodeIgniter.php(368): CodeIgniter\CodeIgniter->handleRequest(null, Object(Config\Cache), false)
11 FCPATH/index.php(67): CodeIgniter\CodeIgniter->run()
12 SYSTEMPATH/Commands/Server/rewrite.php(47): require_once('/Users/mac/Desktop/polytrans/app/public/index.php')
CRITICAL - 2023-09-24 03:02:03 --> Undefined array key "montant"
in APPPATH/Controllers/Pay.php on line 24.
 1 APPPATH/Controllers/Pay.php(24): CodeIgniter\Debug\Exceptions->errorHandler(2, 'Undefined array key "montant"', '/Users/mac/Desktop/polytrans/app/app/Controllers/Pay.php', 24)
 2 SYSTEMPATH/CodeIgniter.php(934): App\Controllers\Pay->payDelivery('2')
 3 SYSTEMPATH/CodeIgniter.php(499): CodeIgniter\CodeIgniter->runController(Object(App\Controllers\Pay))
 4 SYSTEMPATH/CodeIgniter.php(368): CodeIgniter\CodeIgniter->handleRequest(null, Object(Config\Cache), false)
 5 FCPATH/index.php(67): CodeIgniter\CodeIgniter->run()
 6 SYSTEMPATH/Commands/Server/rewrite.php(47): require_once('/Users/mac/Desktop/polytrans/app/public/index.php')
CRITICAL - 2023-09-24 03:02:15 --> Undefined array key "montant"
in APPPATH/Controllers/Pay.php on line 24.
 1 APPPATH/Controllers/Pay.php(24): CodeIgniter\Debug\Exceptions->errorHandler(2, 'Undefined array key "montant"', '/Users/mac/Desktop/polytrans/app/app/Controllers/Pay.php', 24)
 2 SYSTEMPATH/CodeIgniter.php(934): App\Controllers\Pay->payDelivery('2')
 3 SYSTEMPATH/CodeIgniter.php(499): CodeIgniter\CodeIgniter->runController(Object(App\Controllers\Pay))
 4 SYSTEMPATH/CodeIgniter.php(368): CodeIgniter\CodeIgniter->handleRequest(null, Object(Config\Cache), false)
 5 FCPATH/index.php(67): CodeIgniter\CodeIgniter->run()
 6 SYSTEMPATH/Commands/Server/rewrite.php(47): require_once('/Users/mac/Desktop/polytrans/app/public/index.php')
CRITICAL - 2023-09-24 03:02:18 --> Undefined array key "montant"
in APPPATH/Controllers/Pay.php on line 24.
 1 APPPATH/Controllers/Pay.php(24): CodeIgniter\Debug\Exceptions->errorHandler(2, 'Undefined array key "montant"', '/Users/mac/Desktop/polytrans/app/app/Controllers/Pay.php', 24)
 2 SYSTEMPATH/CodeIgniter.php(934): App\Controllers\Pay->payDelivery('2')
 3 SYSTEMPATH/CodeIgniter.php(499): CodeIgniter\CodeIgniter->runController(Object(App\Controllers\Pay))
 4 SYSTEMPATH/CodeIgniter.php(368): CodeIgniter\CodeIgniter->handleRequest(null, Object(Config\Cache), false)
 5 FCPATH/index.php(67): CodeIgniter\CodeIgniter->run()
 6 SYSTEMPATH/Commands/Server/rewrite.php(47): require_once('/Users/mac/Desktop/polytrans/app/public/index.php')
CRITICAL - 2023-09-24 03:29:01 --> Undefined variable $tcs
in APPPATH/Views/emails/paymentDelivery.php on line 80.
 1 APPPATH/Views/emails/paymentDelivery.php(80): CodeIgniter\Debug\Exceptions->errorHandler(2, 'Undefined variable $tcs', '/Users/mac/Desktop/polytrans/app/app/Views/emails/paymentDelivery.php', 80)
 2 SYSTEMPATH/View/View.php(213): include('/Users/mac/Desktop/polytrans/app/app/Views/emails/paymentDelivery.php')
 3 SYSTEMPATH/View/View.php(216): CodeIgniter\View\View->CodeIgniter\View\{closure}()
 4 SYSTEMPATH/Common.php(1184): CodeIgniter\View\View->render('emails/paymentDelivery', [], true)
 5 APPPATH/Controllers/Mailer.php(31): view('emails/paymentDelivery', [...])
 6 APPPATH/Controllers/Pay.php(67): App\Controllers\Mailer->sendPaymentMail([], [])
 7 SYSTEMPATH/CodeIgniter.php(934): App\Controllers\Pay->IPNDelivery()
 8 SYSTEMPATH/CodeIgniter.php(499): CodeIgniter\CodeIgniter->runController(Object(App\Controllers\Pay))
 9 SYSTEMPATH/CodeIgniter.php(368): CodeIgniter\CodeIgniter->handleRequest(null, Object(Config\Cache), false)
10 FCPATH/index.php(67): CodeIgniter\CodeIgniter->run()
11 SYSTEMPATH/Commands/Server/rewrite.php(47): require_once('/Users/mac/Desktop/polytrans/app/public/index.php')
CRITICAL - 2023-09-24 03:41:59 --> App\Controllers\Facturations::FactLivInfos(): Argument #1 ($factLiv) must be of type array, null given, called in /Users/mac/Desktop/polytrans/app/app/Controllers/Pay.php on line 84
in APPPATH/Controllers/Facturations.php on line 43.
 1 APPPATH/Controllers/Pay.php(84): App\Controllers\Facturations->FactLivInfos(null)
 2 SYSTEMPATH/CodeIgniter.php(934): App\Controllers\Pay->IPNDelivery()
 3 SYSTEMPATH/CodeIgniter.php(499): CodeIgniter\CodeIgniter->runController(Object(App\Controllers\Pay))
 4 SYSTEMPATH/CodeIgniter.php(368): CodeIgniter\CodeIgniter->handleRequest(null, Object(Config\Cache), false)
 5 FCPATH/index.php(67): CodeIgniter\CodeIgniter->run()
 6 SYSTEMPATH/Commands/Server/rewrite.php(47): require_once('/Users/mac/Desktop/polytrans/app/public/index.php')
CRITICAL - 2023-09-24 03:42:34 --> App\Controllers\Facturations::FactLivInfos(): Argument #1 ($factLiv) must be of type array, null given, called in /Users/mac/Desktop/polytrans/app/app/Controllers/Pay.php on line 84
in APPPATH/Controllers/Facturations.php on line 43.
 1 APPPATH/Controllers/Pay.php(84): App\Controllers\Facturations->FactLivInfos(null)
 2 SYSTEMPATH/CodeIgniter.php(934): App\Controllers\Pay->IPNDelivery()
 3 SYSTEMPATH/CodeIgniter.php(499): CodeIgniter\CodeIgniter->runController(Object(App\Controllers\Pay))
 4 SYSTEMPATH/CodeIgniter.php(368): CodeIgniter\CodeIgniter->handleRequest(null, Object(Config\Cache), false)
 5 FCPATH/index.php(67): CodeIgniter\CodeIgniter->run()
 6 SYSTEMPATH/Commands/Server/rewrite.php(47): require_once('/Users/mac/Desktop/polytrans/app/public/index.php')
CRITICAL - 2023-09-24 03:54:58 --> There is no primary key defined when trying to make insert.
in SYSTEMPATH/Model.php on line 294.
 1 SYSTEMPATH/Model.php(294): CodeIgniter\Database\Exceptions\DataException::forEmptyPrimaryKey('insert')
 2 SYSTEMPATH/BaseModel.php(782): CodeIgniter\Model->doInsert([...])
 3 SYSTEMPATH/Model.php(730): CodeIgniter\BaseModel->insert([...], false)
 4 SYSTEMPATH/BaseModel.php(692): CodeIgniter\Model->insert([...], false)
 5 APPPATH/Controllers/Pay.php(86): CodeIgniter\BaseModel->save([...])
 6 SYSTEMPATH/CodeIgniter.php(934): App\Controllers\Pay->IPNDelivery()
 7 SYSTEMPATH/CodeIgniter.php(499): CodeIgniter\CodeIgniter->runController(Object(App\Controllers\Pay))
 8 SYSTEMPATH/CodeIgniter.php(368): CodeIgniter\CodeIgniter->handleRequest(null, Object(Config\Cache), false)
 9 FCPATH/index.php(67): CodeIgniter\CodeIgniter->run()
10 SYSTEMPATH/Commands/Server/rewrite.php(47): require_once('/Users/mac/Desktop/polytrans/app/public/index.php')
INFO - 2023-09-24 04:10:43 --> Session: Class initialized using 'CodeIgniter\Session\Handlers\FileHandler' driver.
INFO - 2023-09-24 04:10:43 --> Session: Class initialized using 'CodeIgniter\Session\Handlers\FileHandler' driver.
INFO - 2023-09-24 04:10:47 --> Session: Class initialized using 'CodeIgniter\Session\Handlers\FileHandler' driver.
INFO - 2023-09-24 04:10:54 --> Session: Class initialized using 'CodeIgniter\Session\Handlers\FileHandler' driver.
INFO - 2023-09-24 04:11:09 --> Session: Class initialized using 'CodeIgniter\Session\Handlers\FileHandler' driver.
INFO - 2023-09-24 04:15:08 --> Session: Class initialized using 'CodeIgniter\Session\Handlers\FileHandler' driver.
INFO - 2023-09-24 04:16:03 --> Session: Class initialized using 'CodeIgniter\Session\Handlers\FileHandler' driver.
INFO - 2023-09-24 04:56:12 --> Session: Class initialized using 'CodeIgniter\Session\Handlers\FileHandler' driver.
INFO - 2023-09-24 04:56:13 --> Session: Class initialized using 'CodeIgniter\Session\Handlers\FileHandler' driver.
INFO - 2023-09-24 04:58:30 --> Session: Class initialized using 'CodeIgniter\Session\Handlers\FileHandler' driver.
INFO - 2023-09-24 04:58:32 --> Session: Class initialized using 'CodeIgniter\Session\Handlers\FileHandler' driver.
INFO - 2023-09-24 04:58:33 --> Session: Class initialized using 'CodeIgniter\Session\Handlers\FileHandler' driver.
INFO - 2023-09-24 04:58:56 --> Session: Class initialized using 'CodeIgniter\Session\Handlers\FileHandler' driver.
INFO - 2023-09-24 04:58:57 --> Session: Class initialized using 'CodeIgniter\Session\Handlers\FileHandler' driver.
INFO - 2023-09-24 04:59:10 --> Session: Class initialized using 'CodeIgniter\Session\Handlers\FileHandler' driver.
